{"uid":"65e921b5a4dd3ff8","name":"Delete invalid track URI → Expect 400 Bad Request","fullName":"com.Spotify.oauth2.tests.NegativeTests.tracks.deleteTracks.deleteInvalidTrackURI","historyId":"a8c6f34ecb9ad5ca0cf277505c29eaaa","time":{"start":1764596533772,"stop":1764596543911,"duration":10139},"description":"Verifies that deleting a malformed track URI returns a proper 400 error.","descriptionHtml":"<p>Verifies that deleting a malformed track URI returns a proper 400 error.</p>\n","status":"failed","statusMessage":"\r\nExpected: \"InvalidTrackIRI\"\r\n     but: was \"Invalid base62 id\"","statusTrace":"java.lang.AssertionError: \r\nExpected: \"InvalidTrackIRI\"\r\n     but: was \"Invalid base62 id\"\r\n\tat org.hamcrest.MatcherAssert.assertThat(MatcherAssert.java:20)\r\n\tat org.hamcrest.MatcherAssert.assertThat(MatcherAssert.java:6)\r\n\tat com.Spotify.oauth2.tests.Steps.PlayListSteps.assertError(PlayListSteps.java:58)\r\n\tat com.Spotify.oauth2.tests.NegativeTests.tracks.deleteTracks.deleteInvalidTrackURI(deleteTracks.java:64)\r\n\tat java.base/jdk.internal.reflect.NativeMethodAccessorImpl.invoke0(Native Method)\r\n\tat java.base/jdk.internal.reflect.NativeMethodAccessorImpl.invoke(NativeMethodAccessorImpl.java:62)\r\n\tat java.base/jdk.internal.reflect.DelegatingMethodAccessorImpl.invoke(DelegatingMethodAccessorImpl.java:43)\r\n\tat java.base/java.lang.reflect.Method.invoke(Method.java:567)\r\n\tat org.testng.internal.invokers.MethodInvocationHelper.invokeMethod(MethodInvocationHelper.java:141)\r\n\tat org.testng.internal.invokers.TestInvoker.invokeMethod(TestInvoker.java:686)\r\n\tat org.testng.internal.invokers.TestInvoker.invokeTestMethod(TestInvoker.java:230)\r\n\tat org.testng.internal.invokers.MethodRunner.runInSequence(MethodRunner.java:63)\r\n\tat org.testng.internal.invokers.TestInvoker$MethodInvocationAgent.invoke(TestInvoker.java:992)\r\n\tat org.testng.internal.invokers.TestInvoker.invokeTestMethods(TestInvoker.java:203)\r\n\tat org.testng.internal.invokers.TestMethodWorker.invokeTestMethods(TestMethodWorker.java:154)\r\n\tat org.testng.internal.invokers.TestMethodWorker.run(TestMethodWorker.java:134)\r\n\tat java.base/java.util.ArrayList.forEach(ArrayList.java:1540)\r\n\tat org.testng.TestRunner.privateRun(TestRunner.java:739)\r\n\tat org.testng.TestRunner.run(TestRunner.java:614)\r\n\tat org.testng.SuiteRunner.runTest(SuiteRunner.java:421)\r\n\tat org.testng.SuiteRunner.runSequentially(SuiteRunner.java:413)\r\n\tat org.testng.SuiteRunner.privateRun(SuiteRunner.java:373)\r\n\tat org.testng.SuiteRunner.run(SuiteRunner.java:312)\r\n\tat org.testng.SuiteRunnerWorker.runSuite(SuiteRunnerWorker.java:52)\r\n\tat org.testng.SuiteRunnerWorker.run(SuiteRunnerWorker.java:95)\r\n\tat org.testng.TestNG.runSuitesSequentially(TestNG.java:1274)\r\n\tat org.testng.TestNG.runSuitesLocally(TestNG.java:1208)\r\n\tat org.testng.TestNG.runSuites(TestNG.java:1112)\r\n\tat org.testng.TestNG.run(TestNG.java:1079)\r\n\tat com.intellij.rt.testng.IDEARemoteTestNG.run(IDEARemoteTestNG.java:65)\r\n\tat com.intellij.rt.testng.RemoteTestNGStarter.main(RemoteTestNGStarter.java:105)\r\n","flaky":false,"newFailed":false,"newBroken":false,"newPassed":false,"retriesCount":0,"retriesStatusChange":false,"beforeStages":[{"name":"beforeMethod","time":{"start":1764596533424,"stop":1764596533441,"duration":17},"description":"","status":"passed","steps":[],"attachments":[],"parameters":[],"hasContent":false,"attachmentStep":false,"shouldDisplayMessage":false,"attachmentsCount":0,"stepsCount":0}],"testStage":{"description":"Verifies that deleting a malformed track URI returns a proper 400 error.","status":"failed","statusMessage":"\r\nExpected: \"InvalidTrackIRI\"\r\n     but: was \"Invalid base62 id\"","statusTrace":"java.lang.AssertionError: \r\nExpected: \"InvalidTrackIRI\"\r\n     but: was \"Invalid base62 id\"\r\n\tat org.hamcrest.MatcherAssert.assertThat(MatcherAssert.java:20)\r\n\tat org.hamcrest.MatcherAssert.assertThat(MatcherAssert.java:6)\r\n\tat com.Spotify.oauth2.tests.Steps.PlayListSteps.assertError(PlayListSteps.java:58)\r\n\tat com.Spotify.oauth2.tests.NegativeTests.tracks.deleteTracks.deleteInvalidTrackURI(deleteTracks.java:64)\r\n\tat java.base/jdk.internal.reflect.NativeMethodAccessorImpl.invoke0(Native Method)\r\n\tat java.base/jdk.internal.reflect.NativeMethodAccessorImpl.invoke(NativeMethodAccessorImpl.java:62)\r\n\tat java.base/jdk.internal.reflect.DelegatingMethodAccessorImpl.invoke(DelegatingMethodAccessorImpl.java:43)\r\n\tat java.base/java.lang.reflect.Method.invoke(Method.java:567)\r\n\tat org.testng.internal.invokers.MethodInvocationHelper.invokeMethod(MethodInvocationHelper.java:141)\r\n\tat org.testng.internal.invokers.TestInvoker.invokeMethod(TestInvoker.java:686)\r\n\tat org.testng.internal.invokers.TestInvoker.invokeTestMethod(TestInvoker.java:230)\r\n\tat org.testng.internal.invokers.MethodRunner.runInSequence(MethodRunner.java:63)\r\n\tat org.testng.internal.invokers.TestInvoker$MethodInvocationAgent.invoke(TestInvoker.java:992)\r\n\tat org.testng.internal.invokers.TestInvoker.invokeTestMethods(TestInvoker.java:203)\r\n\tat org.testng.internal.invokers.TestMethodWorker.invokeTestMethods(TestMethodWorker.java:154)\r\n\tat org.testng.internal.invokers.TestMethodWorker.run(TestMethodWorker.java:134)\r\n\tat java.base/java.util.ArrayList.forEach(ArrayList.java:1540)\r\n\tat org.testng.TestRunner.privateRun(TestRunner.java:739)\r\n\tat org.testng.TestRunner.run(TestRunner.java:614)\r\n\tat org.testng.SuiteRunner.runTest(SuiteRunner.java:421)\r\n\tat org.testng.SuiteRunner.runSequentially(SuiteRunner.java:413)\r\n\tat org.testng.SuiteRunner.privateRun(SuiteRunner.java:373)\r\n\tat org.testng.SuiteRunner.run(SuiteRunner.java:312)\r\n\tat org.testng.SuiteRunnerWorker.runSuite(SuiteRunnerWorker.java:52)\r\n\tat org.testng.SuiteRunnerWorker.run(SuiteRunnerWorker.java:95)\r\n\tat org.testng.TestNG.runSuitesSequentially(TestNG.java:1274)\r\n\tat org.testng.TestNG.runSuitesLocally(TestNG.java:1208)\r\n\tat org.testng.TestNG.runSuites(TestNG.java:1112)\r\n\tat org.testng.TestNG.run(TestNG.java:1079)\r\n\tat com.intellij.rt.testng.IDEARemoteTestNG.run(IDEARemoteTestNG.java:65)\r\n\tat com.intellij.rt.testng.RemoteTestNGStarter.main(RemoteTestNGStarter.java:105)\r\n","steps":[{"name":"buildDeleteBody","time":{"start":1764596533993,"stop":1764596533994,"duration":1},"status":"passed","steps":[],"attachments":[],"parameters":[{"name":"uri","value":"spotify:track:INVALID12345"}],"hasContent":true,"attachmentStep":false,"shouldDisplayMessage":false,"attachmentsCount":0,"stepsCount":0},{"name":"deleteAllTracks","time":{"start":1764596534007,"stop":1764596543733,"duration":9726},"status":"passed","steps":[],"attachments":[{"uid":"c5df6e7af87458e9","name":"Request","source":"c5df6e7af87458e9.html","type":"text/html","size":1181},{"uid":"da13d6fa216c8d47","name":"HTTP/1.1 200 OK","source":"da13d6fa216c8d47.html","type":"text/html","size":1583},{"uid":"14859d633ce1cc11","name":"Request","source":"14859d633ce1cc11.html","type":"text/html","size":1485},{"uid":"75d157b4afe1fd3","name":"HTTP/1.1 400 Bad Request","source":"75d157b4afe1fd3.html","type":"text/html","size":1359}],"parameters":[{"name":"playListId","value":"VALID_PLAYLIST_ID"},{"name":"body","value":"{tracks=[{uri=spotify:track:INVALID12345}]}"}],"hasContent":true,"attachmentStep":false,"shouldDisplayMessage":false,"attachmentsCount":4,"stepsCount":0},{"name":"assertStatusCode","time":{"start":1764596543735,"stop":1764596543741,"duration":6},"status":"passed","steps":[],"attachments":[],"parameters":[{"name":"actualStatusCode","value":"400"},{"name":"StatusCode","value":"CODE_400_InvalidTrackURI"}],"hasContent":true,"attachmentStep":false,"shouldDisplayMessage":false,"attachmentsCount":0,"stepsCount":0},{"name":"assertError","time":{"start":1764596543900,"stop":1764596543906,"duration":6},"status":"failed","statusMessage":"\r\nExpected: \"InvalidTrackIRI\"\r\n     but: was \"Invalid base62 id\"","statusTrace":"java.lang.AssertionError: \r\nExpected: \"InvalidTrackIRI\"\r\n     but: was \"Invalid base62 id\"\r\n\tat org.hamcrest.MatcherAssert.assertThat(MatcherAssert.java:20)\r\n\tat org.hamcrest.MatcherAssert.assertThat(MatcherAssert.java:6)\r\n\tat com.Spotify.oauth2.tests.Steps.PlayListSteps.assertError(PlayListSteps.java:58)\r\n\tat com.Spotify.oauth2.tests.NegativeTests.tracks.deleteTracks.deleteInvalidTrackURI(deleteTracks.java:64)\r\n\tat java.base/jdk.internal.reflect.NativeMethodAccessorImpl.invoke0(Native Method)\r\n\tat java.base/jdk.internal.reflect.NativeMethodAccessorImpl.invoke(NativeMethodAccessorImpl.java:62)\r\n\tat java.base/jdk.internal.reflect.DelegatingMethodAccessorImpl.invoke(DelegatingMethodAccessorImpl.java:43)\r\n\tat java.base/java.lang.reflect.Method.invoke(Method.java:567)\r\n\tat org.testng.internal.invokers.MethodInvocationHelper.invokeMethod(MethodInvocationHelper.java:141)\r\n\tat org.testng.internal.invokers.TestInvoker.invokeMethod(TestInvoker.java:686)\r\n\tat org.testng.internal.invokers.TestInvoker.invokeTestMethod(TestInvoker.java:230)\r\n\tat org.testng.internal.invokers.MethodRunner.runInSequence(MethodRunner.java:63)\r\n\tat org.testng.internal.invokers.TestInvoker$MethodInvocationAgent.invoke(TestInvoker.java:992)\r\n\tat org.testng.internal.invokers.TestInvoker.invokeTestMethods(TestInvoker.java:203)\r\n\tat org.testng.internal.invokers.TestMethodWorker.invokeTestMethods(TestMethodWorker.java:154)\r\n\tat org.testng.internal.invokers.TestMethodWorker.run(TestMethodWorker.java:134)\r\n\tat java.base/java.util.ArrayList.forEach(ArrayList.java:1540)\r\n\tat org.testng.TestRunner.privateRun(TestRunner.java:739)\r\n\tat org.testng.TestRunner.run(TestRunner.java:614)\r\n\tat org.testng.SuiteRunner.runTest(SuiteRunner.java:421)\r\n\tat org.testng.SuiteRunner.runSequentially(SuiteRunner.java:413)\r\n\tat org.testng.SuiteRunner.privateRun(SuiteRunner.java:373)\r\n\tat org.testng.SuiteRunner.run(SuiteRunner.java:312)\r\n\tat org.testng.SuiteRunnerWorker.runSuite(SuiteRunnerWorker.java:52)\r\n\tat org.testng.SuiteRunnerWorker.run(SuiteRunnerWorker.java:95)\r\n\tat org.testng.TestNG.runSuitesSequentially(TestNG.java:1274)\r\n\tat org.testng.TestNG.runSuitesLocally(TestNG.java:1208)\r\n\tat org.testng.TestNG.runSuites(TestNG.java:1112)\r\n\tat org.testng.TestNG.run(TestNG.java:1079)\r\n\tat com.intellij.rt.testng.IDEARemoteTestNG.run(IDEARemoteTestNG.java:65)\r\n\tat com.intellij.rt.testng.RemoteTestNGStarter.main(RemoteTestNGStarter.java:105)\r\n","steps":[],"attachments":[],"parameters":[{"name":"responseError","value":"com.Spotify.oauth2.pojo.Error@14cf30b3"},{"name":"statusCode","value":"CODE_400_InvalidTrackURI"}],"hasContent":true,"attachmentStep":false,"shouldDisplayMessage":true,"attachmentsCount":0,"stepsCount":0}],"attachments":[],"parameters":[],"hasContent":true,"attachmentStep":false,"shouldDisplayMessage":false,"attachmentsCount":4,"stepsCount":4},"afterStages":[],"labels":[{"name":"package","value":"com.Spotify.oauth2.tests.NegativeTests.tracks.deleteTracks"},{"name":"testClass","value":"com.Spotify.oauth2.tests.NegativeTests.tracks.deleteTracks"},{"name":"testMethod","value":"deleteInvalidTrackURI"},{"name":"parentSuite","value":"Default Suite"},{"name":"suite","value":"Spotify2.0"},{"name":"subSuite","value":"com.Spotify.oauth2.tests.NegativeTests.tracks.deleteTracks"},{"name":"host","value":"bedo"},{"name":"thread","value":"18800@bedo.main(1)"},{"name":"framework","value":"testng"},{"name":"language","value":"java"},{"name":"story","value":"Invalid Track URI"},{"name":"epic","value":"Spotify API Automation"},{"name":"feature","value":"Playlist – Remove Tracks"},{"name":"severity","value":"critical"},{"name":"resultFormat","value":"allure2"}],"parameters":[],"links":[],"hidden":true,"retry":true,"extra":{"categories":[],"tags":[]},"source":"65e921b5a4dd3ff8.json","parameterValues":[]}