{"uid":"933568dfa51d973","name":"Add empty tracks array should return 400 Bad Request","fullName":"com.Spotify.oauth2.tests.NegativeTests.AddTrackNegativeTests.addEmptyTracksArray","historyId":"3e9340582d0f2e13dd2df6f9a0b08272","time":{"start":1764529836746,"stop":1764529848642,"duration":11896},"description":"Attempt to add an empty tracks array to a valid playlist and validate error response","descriptionHtml":"<p>Attempt to add an empty tracks array to a valid playlist and validate error response</p>\n","status":"failed","statusMessage":"\r\nExpected: \"Missing required field: name\"\r\n     but: was \"Invalid base62 id\"","statusTrace":"java.lang.AssertionError: \r\nExpected: \"Missing required field: name\"\r\n     but: was \"Invalid base62 id\"\r\n\tat org.hamcrest.MatcherAssert.assertThat(MatcherAssert.java:20)\r\n\tat org.hamcrest.MatcherAssert.assertThat(MatcherAssert.java:6)\r\n\tat com.Spotify.oauth2.tests.Steps.PlayListSteps.assertError(PlayListSteps.java:56)\r\n\tat com.Spotify.oauth2.tests.NegativeTests.AddTrackNegativeTests.addEmptyTracksArray(AddTrackNegativeTests.java:70)\r\n\tat java.base/jdk.internal.reflect.NativeMethodAccessorImpl.invoke0(Native Method)\r\n\tat java.base/jdk.internal.reflect.NativeMethodAccessorImpl.invoke(NativeMethodAccessorImpl.java:62)\r\n\tat java.base/jdk.internal.reflect.DelegatingMethodAccessorImpl.invoke(DelegatingMethodAccessorImpl.java:43)\r\n\tat java.base/java.lang.reflect.Method.invoke(Method.java:567)\r\n\tat org.testng.internal.invokers.MethodInvocationHelper.invokeMethod(MethodInvocationHelper.java:141)\r\n\tat org.testng.internal.invokers.TestInvoker.invokeMethod(TestInvoker.java:686)\r\n\tat org.testng.internal.invokers.TestInvoker.invokeTestMethod(TestInvoker.java:230)\r\n\tat org.testng.internal.invokers.MethodRunner.runInSequence(MethodRunner.java:63)\r\n\tat org.testng.internal.invokers.TestInvoker$MethodInvocationAgent.invoke(TestInvoker.java:992)\r\n\tat org.testng.internal.invokers.TestInvoker.invokeTestMethods(TestInvoker.java:203)\r\n\tat org.testng.internal.invokers.TestMethodWorker.invokeTestMethods(TestMethodWorker.java:154)\r\n\tat org.testng.internal.invokers.TestMethodWorker.run(TestMethodWorker.java:134)\r\n\tat java.base/java.util.ArrayList.forEach(ArrayList.java:1540)\r\n\tat org.testng.TestRunner.privateRun(TestRunner.java:739)\r\n\tat org.testng.TestRunner.run(TestRunner.java:614)\r\n\tat org.testng.SuiteRunner.runTest(SuiteRunner.java:421)\r\n\tat org.testng.SuiteRunner.runSequentially(SuiteRunner.java:413)\r\n\tat org.testng.SuiteRunner.privateRun(SuiteRunner.java:373)\r\n\tat org.testng.SuiteRunner.run(SuiteRunner.java:312)\r\n\tat org.testng.SuiteRunnerWorker.runSuite(SuiteRunnerWorker.java:52)\r\n\tat org.testng.SuiteRunnerWorker.run(SuiteRunnerWorker.java:95)\r\n\tat org.testng.TestNG.runSuitesSequentially(TestNG.java:1274)\r\n\tat org.testng.TestNG.runSuitesLocally(TestNG.java:1208)\r\n\tat org.testng.TestNG.runSuites(TestNG.java:1112)\r\n\tat org.testng.TestNG.run(TestNG.java:1079)\r\n\tat com.intellij.rt.testng.IDEARemoteTestNG.run(IDEARemoteTestNG.java:65)\r\n\tat com.intellij.rt.testng.RemoteTestNGStarter.main(RemoteTestNGStarter.java:105)\r\n","flaky":false,"newFailed":false,"newBroken":false,"newPassed":false,"retriesCount":0,"retriesStatusChange":false,"beforeStages":[],"testStage":{"description":"Attempt to add an empty tracks array to a valid playlist and validate error response","status":"failed","statusMessage":"\r\nExpected: \"Missing required field: name\"\r\n     but: was \"Invalid base62 id\"","statusTrace":"java.lang.AssertionError: \r\nExpected: \"Missing required field: name\"\r\n     but: was \"Invalid base62 id\"\r\n\tat org.hamcrest.MatcherAssert.assertThat(MatcherAssert.java:20)\r\n\tat org.hamcrest.MatcherAssert.assertThat(MatcherAssert.java:6)\r\n\tat com.Spotify.oauth2.tests.Steps.PlayListSteps.assertError(PlayListSteps.java:56)\r\n\tat com.Spotify.oauth2.tests.NegativeTests.AddTrackNegativeTests.addEmptyTracksArray(AddTrackNegativeTests.java:70)\r\n\tat java.base/jdk.internal.reflect.NativeMethodAccessorImpl.invoke0(Native Method)\r\n\tat java.base/jdk.internal.reflect.NativeMethodAccessorImpl.invoke(NativeMethodAccessorImpl.java:62)\r\n\tat java.base/jdk.internal.reflect.DelegatingMethodAccessorImpl.invoke(DelegatingMethodAccessorImpl.java:43)\r\n\tat java.base/java.lang.reflect.Method.invoke(Method.java:567)\r\n\tat org.testng.internal.invokers.MethodInvocationHelper.invokeMethod(MethodInvocationHelper.java:141)\r\n\tat org.testng.internal.invokers.TestInvoker.invokeMethod(TestInvoker.java:686)\r\n\tat org.testng.internal.invokers.TestInvoker.invokeTestMethod(TestInvoker.java:230)\r\n\tat org.testng.internal.invokers.MethodRunner.runInSequence(MethodRunner.java:63)\r\n\tat org.testng.internal.invokers.TestInvoker$MethodInvocationAgent.invoke(TestInvoker.java:992)\r\n\tat org.testng.internal.invokers.TestInvoker.invokeTestMethods(TestInvoker.java:203)\r\n\tat org.testng.internal.invokers.TestMethodWorker.invokeTestMethods(TestMethodWorker.java:154)\r\n\tat org.testng.internal.invokers.TestMethodWorker.run(TestMethodWorker.java:134)\r\n\tat java.base/java.util.ArrayList.forEach(ArrayList.java:1540)\r\n\tat org.testng.TestRunner.privateRun(TestRunner.java:739)\r\n\tat org.testng.TestRunner.run(TestRunner.java:614)\r\n\tat org.testng.SuiteRunner.runTest(SuiteRunner.java:421)\r\n\tat org.testng.SuiteRunner.runSequentially(SuiteRunner.java:413)\r\n\tat org.testng.SuiteRunner.privateRun(SuiteRunner.java:373)\r\n\tat org.testng.SuiteRunner.run(SuiteRunner.java:312)\r\n\tat org.testng.SuiteRunnerWorker.runSuite(SuiteRunnerWorker.java:52)\r\n\tat org.testng.SuiteRunnerWorker.run(SuiteRunnerWorker.java:95)\r\n\tat org.testng.TestNG.runSuitesSequentially(TestNG.java:1274)\r\n\tat org.testng.TestNG.runSuitesLocally(TestNG.java:1208)\r\n\tat org.testng.TestNG.runSuites(TestNG.java:1112)\r\n\tat org.testng.TestNG.run(TestNG.java:1079)\r\n\tat com.intellij.rt.testng.IDEARemoteTestNG.run(IDEARemoteTestNG.java:65)\r\n\tat com.intellij.rt.testng.RemoteTestNGStarter.main(RemoteTestNGStarter.java:105)\r\n","steps":[{"name":"addMultipleTracks","time":{"start":1764529836882,"stop":1764529848383,"duration":11501},"status":"passed","steps":[],"attachments":[{"uid":"faa7f464c4c5e0fc","name":"Request","source":"faa7f464c4c5e0fc.html","type":"text/html","size":1181},{"uid":"8b308ee5b7cd3f29","name":"HTTP/1.1 200 OK","source":"8b308ee5b7cd3f29.html","type":"text/html","size":1583},{"uid":"734a4b31c5d43876","name":"Request","source":"734a4b31c5d43876.html","type":"text/html","size":615},{"uid":"2029bbed7d350405","name":"HTTP/1.1 400 Bad Request","source":"2029bbed7d350405.html","type":"text/html","size":1359}],"parameters":[{"name":"playListId","value":"YOUR_VALID_PLAYLIST_ID"},{"name":"trackURIS","value":"[]"}],"hasContent":true,"attachmentStep":false,"shouldDisplayMessage":false,"attachmentsCount":4,"stepsCount":0},{"name":"assertStatusCode","time":{"start":1764529848399,"stop":1764529848403,"duration":4},"status":"passed","steps":[],"attachments":[],"parameters":[{"name":"actualStatusCode","value":"400"},{"name":"StatusCode","value":"CODE_400"}],"hasContent":true,"attachmentStep":false,"shouldDisplayMessage":false,"attachmentsCount":0,"stepsCount":0},{"name":"assertNotNull","time":{"start":1764529848403,"stop":1764529848405,"duration":2},"status":"passed","steps":[],"attachments":[],"parameters":[{"name":"value","value":"{\"error\": {\"status\": 400, \"message\": \"Invalid base62 id\" } }"},{"name":"fieldName","value":"Response body should not be null"}],"hasContent":true,"attachmentStep":false,"shouldDisplayMessage":false,"attachmentsCount":0,"stepsCount":0},{"name":"assertNotNull","time":{"start":1764529848623,"stop":1764529848623,"duration":0},"status":"passed","steps":[],"attachments":[],"parameters":[{"name":"value","value":"com.Spotify.oauth2.pojo.Error$InnerError@1c4335c8"},{"name":"fieldName","value":"Error object should not be null"}],"hasContent":true,"attachmentStep":false,"shouldDisplayMessage":false,"attachmentsCount":0,"stepsCount":0},{"name":"assertError","time":{"start":1764529848624,"stop":1764529848635,"duration":11},"status":"failed","statusMessage":"\r\nExpected: \"Missing required field: name\"\r\n     but: was \"Invalid base62 id\"","statusTrace":"java.lang.AssertionError: \r\nExpected: \"Missing required field: name\"\r\n     but: was \"Invalid base62 id\"\r\n\tat org.hamcrest.MatcherAssert.assertThat(MatcherAssert.java:20)\r\n\tat org.hamcrest.MatcherAssert.assertThat(MatcherAssert.java:6)\r\n\tat com.Spotify.oauth2.tests.Steps.PlayListSteps.assertError(PlayListSteps.java:56)\r\n\tat com.Spotify.oauth2.tests.NegativeTests.AddTrackNegativeTests.addEmptyTracksArray(AddTrackNegativeTests.java:70)\r\n\tat java.base/jdk.internal.reflect.NativeMethodAccessorImpl.invoke0(Native Method)\r\n\tat java.base/jdk.internal.reflect.NativeMethodAccessorImpl.invoke(NativeMethodAccessorImpl.java:62)\r\n\tat java.base/jdk.internal.reflect.DelegatingMethodAccessorImpl.invoke(DelegatingMethodAccessorImpl.java:43)\r\n\tat java.base/java.lang.reflect.Method.invoke(Method.java:567)\r\n\tat org.testng.internal.invokers.MethodInvocationHelper.invokeMethod(MethodInvocationHelper.java:141)\r\n\tat org.testng.internal.invokers.TestInvoker.invokeMethod(TestInvoker.java:686)\r\n\tat org.testng.internal.invokers.TestInvoker.invokeTestMethod(TestInvoker.java:230)\r\n\tat org.testng.internal.invokers.MethodRunner.runInSequence(MethodRunner.java:63)\r\n\tat org.testng.internal.invokers.TestInvoker$MethodInvocationAgent.invoke(TestInvoker.java:992)\r\n\tat org.testng.internal.invokers.TestInvoker.invokeTestMethods(TestInvoker.java:203)\r\n\tat org.testng.internal.invokers.TestMethodWorker.invokeTestMethods(TestMethodWorker.java:154)\r\n\tat org.testng.internal.invokers.TestMethodWorker.run(TestMethodWorker.java:134)\r\n\tat java.base/java.util.ArrayList.forEach(ArrayList.java:1540)\r\n\tat org.testng.TestRunner.privateRun(TestRunner.java:739)\r\n\tat org.testng.TestRunner.run(TestRunner.java:614)\r\n\tat org.testng.SuiteRunner.runTest(SuiteRunner.java:421)\r\n\tat org.testng.SuiteRunner.runSequentially(SuiteRunner.java:413)\r\n\tat org.testng.SuiteRunner.privateRun(SuiteRunner.java:373)\r\n\tat org.testng.SuiteRunner.run(SuiteRunner.java:312)\r\n\tat org.testng.SuiteRunnerWorker.runSuite(SuiteRunnerWorker.java:52)\r\n\tat org.testng.SuiteRunnerWorker.run(SuiteRunnerWorker.java:95)\r\n\tat org.testng.TestNG.runSuitesSequentially(TestNG.java:1274)\r\n\tat org.testng.TestNG.runSuitesLocally(TestNG.java:1208)\r\n\tat org.testng.TestNG.runSuites(TestNG.java:1112)\r\n\tat org.testng.TestNG.run(TestNG.java:1079)\r\n\tat com.intellij.rt.testng.IDEARemoteTestNG.run(IDEARemoteTestNG.java:65)\r\n\tat com.intellij.rt.testng.RemoteTestNGStarter.main(RemoteTestNGStarter.java:105)\r\n","steps":[],"attachments":[],"parameters":[{"name":"responseError","value":"com.Spotify.oauth2.pojo.Error@5e2abb58"},{"name":"statusCode","value":"CODE_400"}],"hasContent":true,"attachmentStep":false,"shouldDisplayMessage":true,"attachmentsCount":0,"stepsCount":0}],"attachments":[],"parameters":[],"hasContent":true,"attachmentStep":false,"shouldDisplayMessage":false,"attachmentsCount":4,"stepsCount":5},"afterStages":[],"labels":[{"name":"package","value":"com.Spotify.oauth2.tests.NegativeTests.AddTrackNegativeTests"},{"name":"testClass","value":"com.Spotify.oauth2.tests.NegativeTests.AddTrackNegativeTests"},{"name":"testMethod","value":"addEmptyTracksArray"},{"name":"parentSuite","value":"Default Suite"},{"name":"suite","value":"Spotify2.0"},{"name":"subSuite","value":"com.Spotify.oauth2.tests.NegativeTests.AddTrackNegativeTests"},{"name":"host","value":"bedo"},{"name":"thread","value":"10156@bedo.main(1)"},{"name":"framework","value":"testng"},{"name":"language","value":"java"},{"name":"resultFormat","value":"allure2"}],"parameters":[],"links":[],"hidden":true,"retry":true,"extra":{"categories":[],"tags":[]},"source":"933568dfa51d973.json","parameterValues":[]}