{"uid":"cfb34907346bfc38","name":"should be able to create a playlist","fullName":"com.Spotify.oauth2.tests.PlaylistTests.ShouldBeAbleToCreateAPlayList","historyId":"f029b50fa0d2786b07ebde2daa0d43a2","time":{"start":1763814853868,"stop":1763814854605,"duration":737},"description":"This test attempts to create a new playList for logged in user and asert the response to be as add play list details added","descriptionHtml":"<p>This test attempts to create a new playList for logged in user and asert the response to be as add play list details added</p>\n","status":"failed","statusMessage":"\r\nExpected: <201>\r\n     but: was <400>","statusTrace":"java.lang.AssertionError: \r\nExpected: <201>\r\n     but: was <400>\r\n\tat org.hamcrest.MatcherAssert.assertThat(MatcherAssert.java:20)\r\n\tat org.hamcrest.MatcherAssert.assertThat(MatcherAssert.java:6)\r\n\tat com.Spotify.oauth2.tests.PlaylistTests.assertStatusCode(PlaylistTests.java:114)\r\n\tat com.Spotify.oauth2.tests.PlaylistTests.ShouldBeAbleToCreateAPlayList(PlaylistTests.java:34)\r\n\tat java.base/jdk.internal.reflect.NativeMethodAccessorImpl.invoke0(Native Method)\r\n\tat java.base/jdk.internal.reflect.NativeMethodAccessorImpl.invoke(NativeMethodAccessorImpl.java:62)\r\n\tat java.base/jdk.internal.reflect.DelegatingMethodAccessorImpl.invoke(DelegatingMethodAccessorImpl.java:43)\r\n\tat java.base/java.lang.reflect.Method.invoke(Method.java:567)\r\n\tat org.testng.internal.invokers.MethodInvocationHelper.invokeMethod(MethodInvocationHelper.java:141)\r\n\tat org.testng.internal.invokers.TestInvoker.invokeMethod(TestInvoker.java:686)\r\n\tat org.testng.internal.invokers.TestInvoker.invokeTestMethod(TestInvoker.java:230)\r\n\tat org.testng.internal.invokers.MethodRunner.runInSequence(MethodRunner.java:63)\r\n\tat org.testng.internal.invokers.TestInvoker$MethodInvocationAgent.invoke(TestInvoker.java:992)\r\n\tat org.testng.internal.invokers.TestInvoker.invokeTestMethods(TestInvoker.java:203)\r\n\tat org.testng.internal.invokers.TestMethodWorker.invokeTestMethods(TestMethodWorker.java:154)\r\n\tat org.testng.internal.invokers.TestMethodWorker.run(TestMethodWorker.java:134)\r\n\tat java.base/java.util.ArrayList.forEach(ArrayList.java:1540)\r\n\tat org.testng.TestRunner.privateRun(TestRunner.java:739)\r\n\tat org.testng.TestRunner.run(TestRunner.java:614)\r\n\tat org.testng.SuiteRunner.runTest(SuiteRunner.java:421)\r\n\tat org.testng.SuiteRunner.runSequentially(SuiteRunner.java:413)\r\n\tat org.testng.SuiteRunner.privateRun(SuiteRunner.java:373)\r\n\tat org.testng.SuiteRunner.run(SuiteRunner.java:312)\r\n\tat org.testng.SuiteRunnerWorker.runSuite(SuiteRunnerWorker.java:52)\r\n\tat org.testng.SuiteRunnerWorker.run(SuiteRunnerWorker.java:95)\r\n\tat org.testng.TestNG.runSuitesSequentially(TestNG.java:1274)\r\n\tat org.testng.TestNG.runSuitesLocally(TestNG.java:1208)\r\n\tat org.testng.TestNG.runSuites(TestNG.java:1112)\r\n\tat org.testng.TestNG.run(TestNG.java:1079)\r\n\tat com.intellij.rt.testng.IDEARemoteTestNG.run(IDEARemoteTestNG.java:65)\r\n\tat com.intellij.rt.testng.RemoteTestNGStarter.main(RemoteTestNGStarter.java:105)\r\n","flaky":false,"newFailed":false,"newBroken":false,"newPassed":false,"retriesCount":0,"retriesStatusChange":false,"beforeStages":[],"testStage":{"description":"This test attempts to create a new playList for logged in user and asert the response to be as add play list details added","status":"failed","statusMessage":"\r\nExpected: <201>\r\n     but: was <400>","statusTrace":"java.lang.AssertionError: \r\nExpected: <201>\r\n     but: was <400>\r\n\tat org.hamcrest.MatcherAssert.assertThat(MatcherAssert.java:20)\r\n\tat org.hamcrest.MatcherAssert.assertThat(MatcherAssert.java:6)\r\n\tat com.Spotify.oauth2.tests.PlaylistTests.assertStatusCode(PlaylistTests.java:114)\r\n\tat com.Spotify.oauth2.tests.PlaylistTests.ShouldBeAbleToCreateAPlayList(PlaylistTests.java:34)\r\n\tat java.base/jdk.internal.reflect.NativeMethodAccessorImpl.invoke0(Native Method)\r\n\tat java.base/jdk.internal.reflect.NativeMethodAccessorImpl.invoke(NativeMethodAccessorImpl.java:62)\r\n\tat java.base/jdk.internal.reflect.DelegatingMethodAccessorImpl.invoke(DelegatingMethodAccessorImpl.java:43)\r\n\tat java.base/java.lang.reflect.Method.invoke(Method.java:567)\r\n\tat org.testng.internal.invokers.MethodInvocationHelper.invokeMethod(MethodInvocationHelper.java:141)\r\n\tat org.testng.internal.invokers.TestInvoker.invokeMethod(TestInvoker.java:686)\r\n\tat org.testng.internal.invokers.TestInvoker.invokeTestMethod(TestInvoker.java:230)\r\n\tat org.testng.internal.invokers.MethodRunner.runInSequence(MethodRunner.java:63)\r\n\tat org.testng.internal.invokers.TestInvoker$MethodInvocationAgent.invoke(TestInvoker.java:992)\r\n\tat org.testng.internal.invokers.TestInvoker.invokeTestMethods(TestInvoker.java:203)\r\n\tat org.testng.internal.invokers.TestMethodWorker.invokeTestMethods(TestMethodWorker.java:154)\r\n\tat org.testng.internal.invokers.TestMethodWorker.run(TestMethodWorker.java:134)\r\n\tat java.base/java.util.ArrayList.forEach(ArrayList.java:1540)\r\n\tat org.testng.TestRunner.privateRun(TestRunner.java:739)\r\n\tat org.testng.TestRunner.run(TestRunner.java:614)\r\n\tat org.testng.SuiteRunner.runTest(SuiteRunner.java:421)\r\n\tat org.testng.SuiteRunner.runSequentially(SuiteRunner.java:413)\r\n\tat org.testng.SuiteRunner.privateRun(SuiteRunner.java:373)\r\n\tat org.testng.SuiteRunner.run(SuiteRunner.java:312)\r\n\tat org.testng.SuiteRunnerWorker.runSuite(SuiteRunnerWorker.java:52)\r\n\tat org.testng.SuiteRunnerWorker.run(SuiteRunnerWorker.java:95)\r\n\tat org.testng.TestNG.runSuitesSequentially(TestNG.java:1274)\r\n\tat org.testng.TestNG.runSuitesLocally(TestNG.java:1208)\r\n\tat org.testng.TestNG.runSuites(TestNG.java:1112)\r\n\tat org.testng.TestNG.run(TestNG.java:1079)\r\n\tat com.intellij.rt.testng.IDEARemoteTestNG.run(IDEARemoteTestNG.java:65)\r\n\tat com.intellij.rt.testng.RemoteTestNGStarter.main(RemoteTestNGStarter.java:105)\r\n","steps":[{"name":"PlayListBuilder","time":{"start":1763814854044,"stop":1763814854044,"duration":0},"status":"passed","steps":[],"attachments":[],"parameters":[{"name":"name","value":"PlayList q13. 1At\n"},{"name":"description","value":"DescriptionP,1OiU,-!,\\ !7Np!_!i\n"},{"name":"_public","value":"false"}],"hasContent":true,"attachmentStep":false,"shouldDisplayMessage":false,"attachmentsCount":0,"stepsCount":0},{"name":"post","time":{"start":1763814854044,"stop":1763814854595,"duration":551},"status":"passed","steps":[],"attachments":[{"uid":"221e73316383d932","name":"Request","source":"221e73316383d932.html","type":"text/html","size":871},{"uid":"bc0a2010b3b82558","name":"HTTP/1.1 400 Bad Request","source":"bc0a2010b3b82558.html","type":"text/html","size":1353}],"parameters":[{"name":"requestPlayList","value":"Playlist(collaborative=null, description=DescriptionP,1OiU,-!,\\ !7Np!_!i\n, externalUrls=null, followers=null, href=null, id=null, images=null, name=PlayList q13. 1At\n, owner=null, primaryColor=null, isPublic=false, snapshotId=null, tracks=null, type=null, uri=null)"}],"hasContent":true,"attachmentStep":false,"shouldDisplayMessage":false,"attachmentsCount":2,"stepsCount":0},{"name":"assertStatusCode","time":{"start":1763814854595,"stop":1763814854604,"duration":9},"status":"failed","statusMessage":"\r\nExpected: <201>\r\n     but: was <400>","statusTrace":"java.lang.AssertionError: \r\nExpected: <201>\r\n     but: was <400>\r\n\tat org.hamcrest.MatcherAssert.assertThat(MatcherAssert.java:20)\r\n\tat org.hamcrest.MatcherAssert.assertThat(MatcherAssert.java:6)\r\n\tat com.Spotify.oauth2.tests.PlaylistTests.assertStatusCode(PlaylistTests.java:114)\r\n\tat com.Spotify.oauth2.tests.PlaylistTests.ShouldBeAbleToCreateAPlayList(PlaylistTests.java:34)\r\n\tat java.base/jdk.internal.reflect.NativeMethodAccessorImpl.invoke0(Native Method)\r\n\tat java.base/jdk.internal.reflect.NativeMethodAccessorImpl.invoke(NativeMethodAccessorImpl.java:62)\r\n\tat java.base/jdk.internal.reflect.DelegatingMethodAccessorImpl.invoke(DelegatingMethodAccessorImpl.java:43)\r\n\tat java.base/java.lang.reflect.Method.invoke(Method.java:567)\r\n\tat org.testng.internal.invokers.MethodInvocationHelper.invokeMethod(MethodInvocationHelper.java:141)\r\n\tat org.testng.internal.invokers.TestInvoker.invokeMethod(TestInvoker.java:686)\r\n\tat org.testng.internal.invokers.TestInvoker.invokeTestMethod(TestInvoker.java:230)\r\n\tat org.testng.internal.invokers.MethodRunner.runInSequence(MethodRunner.java:63)\r\n\tat org.testng.internal.invokers.TestInvoker$MethodInvocationAgent.invoke(TestInvoker.java:992)\r\n\tat org.testng.internal.invokers.TestInvoker.invokeTestMethods(TestInvoker.java:203)\r\n\tat org.testng.internal.invokers.TestMethodWorker.invokeTestMethods(TestMethodWorker.java:154)\r\n\tat org.testng.internal.invokers.TestMethodWorker.run(TestMethodWorker.java:134)\r\n\tat java.base/java.util.ArrayList.forEach(ArrayList.java:1540)\r\n\tat org.testng.TestRunner.privateRun(TestRunner.java:739)\r\n\tat org.testng.TestRunner.run(TestRunner.java:614)\r\n\tat org.testng.SuiteRunner.runTest(SuiteRunner.java:421)\r\n\tat org.testng.SuiteRunner.runSequentially(SuiteRunner.java:413)\r\n\tat org.testng.SuiteRunner.privateRun(SuiteRunner.java:373)\r\n\tat org.testng.SuiteRunner.run(SuiteRunner.java:312)\r\n\tat org.testng.SuiteRunnerWorker.runSuite(SuiteRunnerWorker.java:52)\r\n\tat org.testng.SuiteRunnerWorker.run(SuiteRunnerWorker.java:95)\r\n\tat org.testng.TestNG.runSuitesSequentially(TestNG.java:1274)\r\n\tat org.testng.TestNG.runSuitesLocally(TestNG.java:1208)\r\n\tat org.testng.TestNG.runSuites(TestNG.java:1112)\r\n\tat org.testng.TestNG.run(TestNG.java:1079)\r\n\tat com.intellij.rt.testng.IDEARemoteTestNG.run(IDEARemoteTestNG.java:65)\r\n\tat com.intellij.rt.testng.RemoteTestNGStarter.main(RemoteTestNGStarter.java:105)\r\n","steps":[],"attachments":[],"parameters":[{"name":"actualStatusCode","value":"400"},{"name":"expectedStatusCode","value":"201"}],"hasContent":true,"attachmentStep":false,"shouldDisplayMessage":true,"attachmentsCount":0,"stepsCount":0}],"attachments":[],"parameters":[],"hasContent":true,"attachmentStep":false,"shouldDisplayMessage":false,"attachmentsCount":2,"stepsCount":3},"afterStages":[],"labels":[{"name":"package","value":"com.Spotify.oauth2.tests.PlaylistTests"},{"name":"testClass","value":"com.Spotify.oauth2.tests.PlaylistTests"},{"name":"testMethod","value":"ShouldBeAbleToCreateAPlayList"},{"name":"parentSuite","value":"Default Suite"},{"name":"suite","value":"Spotify2.0"},{"name":"subSuite","value":"com.Spotify.oauth2.tests.PlaylistTests"},{"name":"host","value":"bedo"},{"name":"thread","value":"19428@bedo.main(1)"},{"name":"framework","value":"testng"},{"name":"language","value":"java"},{"name":"story","value":"Create a PlayList Story"},{"name":"feature","value":"PlayList Api"},{"name":"epic","value":"Spotify Oauth 2.0"},{"name":"resultFormat","value":"allure2"}],"parameters":[],"links":[{"name":"12345","url":"https://example.org/tms/12345","type":"tms"},{"name":"This is the description","url":"https://example.org/issue/This is the description","type":"issue"},{"name":"https://example.org","type":"custom"},{"name":"allure","url":"https://examples.org/mylink/allure","type":"mylink"}],"hidden":true,"retry":true,"extra":{"categories":[],"tags":[]},"source":"cfb34907346bfc38.json","parameterValues":[]}