{"uid":"e3b0cc5430c2990f","name":"addTracksMissingUrisField","fullName":"com.Spotify.oauth2.tests.NegativeTests.AddTrackNegativeTests.addTracksMissingUrisField","historyId":"3b3e87d6edee7a833a05b251c07f1193","time":{"start":1764530528754,"stop":1764530534340,"duration":5586},"status":"failed","statusMessage":"\r\nExpected: \"Missing required field: name\"\r\n     but: was \"Invalid base62 id\"","statusTrace":"java.lang.AssertionError: \r\nExpected: \"Missing required field: name\"\r\n     but: was \"Invalid base62 id\"\r\n\tat org.hamcrest.MatcherAssert.assertThat(MatcherAssert.java:20)\r\n\tat org.hamcrest.MatcherAssert.assertThat(MatcherAssert.java:6)\r\n\tat com.Spotify.oauth2.tests.Steps.PlayListSteps.assertError(PlayListSteps.java:56)\r\n\tat com.Spotify.oauth2.tests.NegativeTests.AddTrackNegativeTests.addTracksMissingUrisField(AddTrackNegativeTests.java:87)\r\n\tat java.base/jdk.internal.reflect.NativeMethodAccessorImpl.invoke0(Native Method)\r\n\tat java.base/jdk.internal.reflect.NativeMethodAccessorImpl.invoke(NativeMethodAccessorImpl.java:62)\r\n\tat java.base/jdk.internal.reflect.DelegatingMethodAccessorImpl.invoke(DelegatingMethodAccessorImpl.java:43)\r\n\tat java.base/java.lang.reflect.Method.invoke(Method.java:567)\r\n\tat org.testng.internal.invokers.MethodInvocationHelper.invokeMethod(MethodInvocationHelper.java:141)\r\n\tat org.testng.internal.invokers.TestInvoker.invokeMethod(TestInvoker.java:686)\r\n\tat org.testng.internal.invokers.TestInvoker.invokeTestMethod(TestInvoker.java:230)\r\n\tat org.testng.internal.invokers.MethodRunner.runInSequence(MethodRunner.java:63)\r\n\tat org.testng.internal.invokers.TestInvoker$MethodInvocationAgent.invoke(TestInvoker.java:992)\r\n\tat org.testng.internal.invokers.TestInvoker.invokeTestMethods(TestInvoker.java:203)\r\n\tat org.testng.internal.invokers.TestMethodWorker.invokeTestMethods(TestMethodWorker.java:154)\r\n\tat org.testng.internal.invokers.TestMethodWorker.run(TestMethodWorker.java:134)\r\n\tat java.base/java.util.ArrayList.forEach(ArrayList.java:1540)\r\n\tat org.testng.TestRunner.privateRun(TestRunner.java:739)\r\n\tat org.testng.TestRunner.run(TestRunner.java:614)\r\n\tat org.testng.SuiteRunner.runTest(SuiteRunner.java:421)\r\n\tat org.testng.SuiteRunner.runSequentially(SuiteRunner.java:413)\r\n\tat org.testng.SuiteRunner.privateRun(SuiteRunner.java:373)\r\n\tat org.testng.SuiteRunner.run(SuiteRunner.java:312)\r\n\tat org.testng.SuiteRunnerWorker.runSuite(SuiteRunnerWorker.java:52)\r\n\tat org.testng.SuiteRunnerWorker.run(SuiteRunnerWorker.java:95)\r\n\tat org.testng.TestNG.runSuitesSequentially(TestNG.java:1274)\r\n\tat org.testng.TestNG.runSuitesLocally(TestNG.java:1208)\r\n\tat org.testng.TestNG.runSuites(TestNG.java:1112)\r\n\tat org.testng.TestNG.run(TestNG.java:1079)\r\n\tat com.intellij.rt.testng.IDEARemoteTestNG.run(IDEARemoteTestNG.java:65)\r\n\tat com.intellij.rt.testng.RemoteTestNGStarter.main(RemoteTestNGStarter.java:105)\r\n","flaky":false,"newFailed":false,"newBroken":false,"newPassed":false,"retriesCount":0,"retriesStatusChange":false,"beforeStages":[],"testStage":{"status":"failed","statusMessage":"\r\nExpected: \"Missing required field: name\"\r\n     but: was \"Invalid base62 id\"","statusTrace":"java.lang.AssertionError: \r\nExpected: \"Missing required field: name\"\r\n     but: was \"Invalid base62 id\"\r\n\tat org.hamcrest.MatcherAssert.assertThat(MatcherAssert.java:20)\r\n\tat org.hamcrest.MatcherAssert.assertThat(MatcherAssert.java:6)\r\n\tat com.Spotify.oauth2.tests.Steps.PlayListSteps.assertError(PlayListSteps.java:56)\r\n\tat com.Spotify.oauth2.tests.NegativeTests.AddTrackNegativeTests.addTracksMissingUrisField(AddTrackNegativeTests.java:87)\r\n\tat java.base/jdk.internal.reflect.NativeMethodAccessorImpl.invoke0(Native Method)\r\n\tat java.base/jdk.internal.reflect.NativeMethodAccessorImpl.invoke(NativeMethodAccessorImpl.java:62)\r\n\tat java.base/jdk.internal.reflect.DelegatingMethodAccessorImpl.invoke(DelegatingMethodAccessorImpl.java:43)\r\n\tat java.base/java.lang.reflect.Method.invoke(Method.java:567)\r\n\tat org.testng.internal.invokers.MethodInvocationHelper.invokeMethod(MethodInvocationHelper.java:141)\r\n\tat org.testng.internal.invokers.TestInvoker.invokeMethod(TestInvoker.java:686)\r\n\tat org.testng.internal.invokers.TestInvoker.invokeTestMethod(TestInvoker.java:230)\r\n\tat org.testng.internal.invokers.MethodRunner.runInSequence(MethodRunner.java:63)\r\n\tat org.testng.internal.invokers.TestInvoker$MethodInvocationAgent.invoke(TestInvoker.java:992)\r\n\tat org.testng.internal.invokers.TestInvoker.invokeTestMethods(TestInvoker.java:203)\r\n\tat org.testng.internal.invokers.TestMethodWorker.invokeTestMethods(TestMethodWorker.java:154)\r\n\tat org.testng.internal.invokers.TestMethodWorker.run(TestMethodWorker.java:134)\r\n\tat java.base/java.util.ArrayList.forEach(ArrayList.java:1540)\r\n\tat org.testng.TestRunner.privateRun(TestRunner.java:739)\r\n\tat org.testng.TestRunner.run(TestRunner.java:614)\r\n\tat org.testng.SuiteRunner.runTest(SuiteRunner.java:421)\r\n\tat org.testng.SuiteRunner.runSequentially(SuiteRunner.java:413)\r\n\tat org.testng.SuiteRunner.privateRun(SuiteRunner.java:373)\r\n\tat org.testng.SuiteRunner.run(SuiteRunner.java:312)\r\n\tat org.testng.SuiteRunnerWorker.runSuite(SuiteRunnerWorker.java:52)\r\n\tat org.testng.SuiteRunnerWorker.run(SuiteRunnerWorker.java:95)\r\n\tat org.testng.TestNG.runSuitesSequentially(TestNG.java:1274)\r\n\tat org.testng.TestNG.runSuitesLocally(TestNG.java:1208)\r\n\tat org.testng.TestNG.runSuites(TestNG.java:1112)\r\n\tat org.testng.TestNG.run(TestNG.java:1079)\r\n\tat com.intellij.rt.testng.IDEARemoteTestNG.run(IDEARemoteTestNG.java:65)\r\n\tat com.intellij.rt.testng.RemoteTestNGStarter.main(RemoteTestNGStarter.java:105)\r\n","steps":[{"name":"addMultipleTracks","time":{"start":1764530528858,"stop":1764530534166,"duration":5308},"status":"passed","steps":[],"attachments":[{"uid":"cc3e252831972307","name":"Request","source":"cc3e252831972307.html","type":"text/html","size":1181},{"uid":"9e6a6040c431bd2","name":"HTTP/1.1 200 OK","source":"9e6a6040c431bd2.html","type":"text/html","size":1583},{"uid":"b65456eb9d3f2ae8","name":"Request","source":"b65456eb9d3f2ae8.html","type":"text/html","size":591},{"uid":"94ed3a73675ccc89","name":"HTTP/1.1 400 Bad Request","source":"94ed3a73675ccc89.html","type":"text/html","size":1359}],"parameters":[{"name":"playListId","value":"YOUR_VALID_PLAYLIST_ID"},{"name":"trackURIS","value":"null"}],"hasContent":true,"attachmentStep":false,"shouldDisplayMessage":false,"attachmentsCount":4,"stepsCount":0},{"name":"assertStatusCode","time":{"start":1764530534183,"stop":1764530534189,"duration":6},"status":"passed","steps":[],"attachments":[],"parameters":[{"name":"actualStatusCode","value":"400"},{"name":"StatusCode","value":"CODE_400"}],"hasContent":true,"attachmentStep":false,"shouldDisplayMessage":false,"attachmentsCount":0,"stepsCount":0},{"name":"assertNotNull","time":{"start":1764530534191,"stop":1764530534193,"duration":2},"status":"passed","steps":[],"attachments":[],"parameters":[{"name":"value","value":"{\"error\": {\"status\": 400, \"message\": \"Invalid base62 id\" } }"},{"name":"fieldName","value":"Response body should not be null"}],"hasContent":true,"attachmentStep":false,"shouldDisplayMessage":false,"attachmentsCount":0,"stepsCount":0},{"name":"assertNotNull","time":{"start":1764530534329,"stop":1764530534329,"duration":0},"status":"passed","steps":[],"attachments":[],"parameters":[{"name":"value","value":"com.Spotify.oauth2.pojo.Error$InnerError@34438b38"},{"name":"fieldName","value":"Error object should not be null"}],"hasContent":true,"attachmentStep":false,"shouldDisplayMessage":false,"attachmentsCount":0,"stepsCount":0},{"name":"assertError","time":{"start":1764530534329,"stop":1764530534335,"duration":6},"status":"failed","statusMessage":"\r\nExpected: \"Missing required field: name\"\r\n     but: was \"Invalid base62 id\"","statusTrace":"java.lang.AssertionError: \r\nExpected: \"Missing required field: name\"\r\n     but: was \"Invalid base62 id\"\r\n\tat org.hamcrest.MatcherAssert.assertThat(MatcherAssert.java:20)\r\n\tat org.hamcrest.MatcherAssert.assertThat(MatcherAssert.java:6)\r\n\tat com.Spotify.oauth2.tests.Steps.PlayListSteps.assertError(PlayListSteps.java:56)\r\n\tat com.Spotify.oauth2.tests.NegativeTests.AddTrackNegativeTests.addTracksMissingUrisField(AddTrackNegativeTests.java:87)\r\n\tat java.base/jdk.internal.reflect.NativeMethodAccessorImpl.invoke0(Native Method)\r\n\tat java.base/jdk.internal.reflect.NativeMethodAccessorImpl.invoke(NativeMethodAccessorImpl.java:62)\r\n\tat java.base/jdk.internal.reflect.DelegatingMethodAccessorImpl.invoke(DelegatingMethodAccessorImpl.java:43)\r\n\tat java.base/java.lang.reflect.Method.invoke(Method.java:567)\r\n\tat org.testng.internal.invokers.MethodInvocationHelper.invokeMethod(MethodInvocationHelper.java:141)\r\n\tat org.testng.internal.invokers.TestInvoker.invokeMethod(TestInvoker.java:686)\r\n\tat org.testng.internal.invokers.TestInvoker.invokeTestMethod(TestInvoker.java:230)\r\n\tat org.testng.internal.invokers.MethodRunner.runInSequence(MethodRunner.java:63)\r\n\tat org.testng.internal.invokers.TestInvoker$MethodInvocationAgent.invoke(TestInvoker.java:992)\r\n\tat org.testng.internal.invokers.TestInvoker.invokeTestMethods(TestInvoker.java:203)\r\n\tat org.testng.internal.invokers.TestMethodWorker.invokeTestMethods(TestMethodWorker.java:154)\r\n\tat org.testng.internal.invokers.TestMethodWorker.run(TestMethodWorker.java:134)\r\n\tat java.base/java.util.ArrayList.forEach(ArrayList.java:1540)\r\n\tat org.testng.TestRunner.privateRun(TestRunner.java:739)\r\n\tat org.testng.TestRunner.run(TestRunner.java:614)\r\n\tat org.testng.SuiteRunner.runTest(SuiteRunner.java:421)\r\n\tat org.testng.SuiteRunner.runSequentially(SuiteRunner.java:413)\r\n\tat org.testng.SuiteRunner.privateRun(SuiteRunner.java:373)\r\n\tat org.testng.SuiteRunner.run(SuiteRunner.java:312)\r\n\tat org.testng.SuiteRunnerWorker.runSuite(SuiteRunnerWorker.java:52)\r\n\tat org.testng.SuiteRunnerWorker.run(SuiteRunnerWorker.java:95)\r\n\tat org.testng.TestNG.runSuitesSequentially(TestNG.java:1274)\r\n\tat org.testng.TestNG.runSuitesLocally(TestNG.java:1208)\r\n\tat org.testng.TestNG.runSuites(TestNG.java:1112)\r\n\tat org.testng.TestNG.run(TestNG.java:1079)\r\n\tat com.intellij.rt.testng.IDEARemoteTestNG.run(IDEARemoteTestNG.java:65)\r\n\tat com.intellij.rt.testng.RemoteTestNGStarter.main(RemoteTestNGStarter.java:105)\r\n","steps":[],"attachments":[],"parameters":[{"name":"responseError","value":"com.Spotify.oauth2.pojo.Error@28ec92c9"},{"name":"statusCode","value":"CODE_400"}],"hasContent":true,"attachmentStep":false,"shouldDisplayMessage":true,"attachmentsCount":0,"stepsCount":0}],"attachments":[],"parameters":[],"hasContent":true,"attachmentStep":false,"shouldDisplayMessage":false,"attachmentsCount":4,"stepsCount":5},"afterStages":[],"labels":[{"name":"package","value":"com.Spotify.oauth2.tests.NegativeTests.AddTrackNegativeTests"},{"name":"testClass","value":"com.Spotify.oauth2.tests.NegativeTests.AddTrackNegativeTests"},{"name":"testMethod","value":"addTracksMissingUrisField"},{"name":"parentSuite","value":"Default Suite"},{"name":"suite","value":"Spotify2.0"},{"name":"subSuite","value":"com.Spotify.oauth2.tests.NegativeTests.AddTrackNegativeTests"},{"name":"host","value":"bedo"},{"name":"thread","value":"9764@bedo.main(1)"},{"name":"framework","value":"testng"},{"name":"language","value":"java"},{"name":"resultFormat","value":"allure2"}],"parameters":[],"links":[],"hidden":true,"retry":true,"extra":{"categories":[],"tags":[]},"source":"e3b0cc5430c2990f.json","parameterValues":[]}